127.0.0.1 - - [05/Aug/2019 15:57:31] "GET / HTTP/1.1" 200 -
127.0.0.1 - - [05/Aug/2019 15:57:31] "GET /_static/basic.css HTTP/1.1" 200 -
127.0.0.1 - - [05/Aug/2019 15:57:31] "GET /_static/pygments.css HTTP/1.1" 200 -
127.0.0.1 - - [05/Aug/2019 15:57:31] "GET /_static/bootstrap-sphinx.css HTTP/1.1" 200 -
127.0.0.1 - - [05/Aug/2019 15:57:31] "GET /_static/documentation_options.js HTTP/1.1" 200 -
127.0.0.1 - - [05/Aug/2019 15:57:31] "GET /_static/language_data.js HTTP/1.1" 200 -
127.0.0.1 - - [05/Aug/2019 15:57:36] code 404, message File not found
127.0.0.1 - - [05/Aug/2019 15:57:36] "GET /runestone/ajax/getuser?timezoneoffset=5 HTTP/1.1" 404 -
127.0.0.1 - - [05/Aug/2019 15:57:36] code 404, message File not found
127.0.0.1 - - [05/Aug/2019 15:57:36] "GET /runestone/ajax/getnumonline HTTP/1.1" 404 -
127.0.0.1 - - [05/Aug/2019 15:57:36] code 404, message File not found
127.0.0.1 - - [05/Aug/2019 15:57:36] "GET /runestone/ajax/getAssessResults?div_id=question1_2&course=SubGoals&event=mChoice HTTP/1.1" 404 -

Aborted!
127.0.0.1 - - [05/Aug/2019 16:04:30] "GET / HTTP/1.1" 200 -
127.0.0.1 - - [05/Aug/2019 16:04:31] "GET /_static/basic.css HTTP/1.1" 200 -
127.0.0.1 - - [05/Aug/2019 16:04:31] "GET /_static/pygments.css HTTP/1.1" 200 -
127.0.0.1 - - [05/Aug/2019 16:04:31] "GET /_static/bootstrap-3.0.0/css/bootstrap.min.css HTTP/1.1" 304 -
127.0.0.1 - - [05/Aug/2019 16:04:31] "GET /_static/presenter_mode.css HTTP/1.1" 304 -
127.0.0.1 - - [05/Aug/2019 16:04:31] "GET /_static/accessibility.css?v=808B982A HTTP/1.1" 304 -
127.0.0.1 - - [05/Aug/2019 16:04:31] "GET /_static/activecode.css?v=D0B347A5 HTTP/1.1" 304 -
127.0.0.1 - - [05/Aug/2019 16:04:31] "GET /_static/codemirror.css?v=1CE53237 HTTP/1.1" 304 -
127.0.0.1 - - [05/Aug/2019 16:04:31] "GET /_static/clickable.css?v=58C4E18A HTTP/1.1" 304 -
127.0.0.1 - - [05/Aug/2019 16:04:31] "GET /_static/pytutor.css?v=239FC54E HTTP/1.1" 304 -
127.0.0.1 - - [05/Aug/2019 16:04:31] "GET /_static/modal-basic.css?v=8A1A42E4 HTTP/1.1" 304 -
127.0.0.1 - - [05/Aug/2019 16:04:31] "GET /_static/datafile.css?v=C184EB8A HTTP/1.1" 304 -
127.0.0.1 - - [05/Aug/2019 16:04:31] "GET /_static/dragndrop.css?v=B9BAA0D1 HTTP/1.1" 304 -
127.0.0.1 - - [05/Aug/2019 16:04:31] "GET /_static/fitb.css?v=3BA0E63E HTTP/1.1" 304 -
127.0.0.1 - - [05/Aug/2019 16:04:31] "GET /_static/matrixeq.css?v=58BC228F HTTP/1.1" 304 -
127.0.0.1 - - [05/Aug/2019 16:04:31] "GET /_static/parsons.css?v=B035A1D9 HTTP/1.1" 304 -
127.0.0.1 - - [05/Aug/2019 16:04:31] "GET /_static/js_lib/prettify.css?v=2A364B6B HTTP/1.1" 304 -
127.0.0.1 - - [05/Aug/2019 16:04:31] "GET /_static/poll.css?v=E220AC33 HTTP/1.1" 304 -
127.0.0.1 - - [05/Aug/2019 16:04:31] "GET /_static/reveal.css?v=4A81D381 HTTP/1.1" 304 -
127.0.0.1 - - [05/Aug/2019 16:04:31] "GET /_static/showEval.css?v=C6382F3 HTTP/1.1" 304 -
127.0.0.1 - - [05/Aug/2019 16:04:31] "GET /_static/tabbedstuff.css?v=424F1CC9 HTTP/1.1" 304 -
127.0.0.1 - - [05/Aug/2019 16:04:31] "GET /_static/video.css?v=E5385B3B HTTP/1.1" 304 -
127.0.0.1 - - [05/Aug/2019 16:04:31] "GET /_static/webgldemo.css?v=B36B48D HTTP/1.1" 304 -
127.0.0.1 - - [05/Aug/2019 16:04:31] "GET /_static/webglinteractive.css?v=910DF1E1 HTTP/1.1" 304 -
127.0.0.1 - - [05/Aug/2019 16:04:31] "GET /_static/jquery-ui-1.10.3.custom.min.css HTTP/1.1" 304 -
127.0.0.1 - - [05/Aug/2019 16:04:31] "GET /_static/bootstrap-sphinx.css HTTP/1.1" 200 -
127.0.0.1 - - [05/Aug/2019 16:04:31] "GET /_static/user-highlights.css HTTP/1.1" 304 -
127.0.0.1 - - [05/Aug/2019 16:04:31] "GET /_static/runestone-custom-sphinx-bootstrap.css HTTP/1.1" 304 -
127.0.0.1 - - [05/Aug/2019 16:04:31] "GET /_static/documentation_options.js HTTP/1.1" 200 -
127.0.0.1 - - [05/Aug/2019 16:04:31] "GET /_static/runestonebase.js HTTP/1.1" 304 -
127.0.0.1 - - [05/Aug/2019 16:04:31] "GET /_static/jquery.js HTTP/1.1" 304 -
127.0.0.1 - - [05/Aug/2019 16:04:31] "GET /_static/underscore.js HTTP/1.1" 304 -
127.0.0.1 - - [05/Aug/2019 16:04:31] "GET /_static/doctools.js HTTP/1.1" 304 -
127.0.0.1 - - [05/Aug/2019 16:04:31] "GET /_static/language_data.js HTTP/1.1" 200 -
127.0.0.1 - - [05/Aug/2019 16:04:31] "GET /_static/jquery.highlight.js?v=F1C496C8 HTTP/1.1" 304 -
127.0.0.1 - - [05/Aug/2019 16:04:31] "GET /_static/bookfuncs.js?v=ED84393D HTTP/1.1" 304 -
127.0.0.1 - - [05/Aug/2019 16:04:31] "GET /_static/codemirror.js?v=94F552C9 HTTP/1.1" 304 -
127.0.0.1 - - [05/Aug/2019 16:04:31] "GET /_static/xml.js?v=236EDFF7 HTTP/1.1" 304 -
127.0.0.1 - - [05/Aug/2019 16:04:31] "GET /_static/css.js?v=623153CE HTTP/1.1" 304 -
127.0.0.1 - - [05/Aug/2019 16:04:31] "GET /_static/python.js?v=14A28F1F HTTP/1.1" 304 -
127.0.0.1 - - [05/Aug/2019 16:04:31] "GET /_static/htmlmixed.js?v=33B91944 HTTP/1.1" 304 -
127.0.0.1 - - [05/Aug/2019 16:04:31] "GET /_static/javascript.js?v=6F38CA04 HTTP/1.1" 304 -
127.0.0.1 - - [05/Aug/2019 16:04:31] "GET /_static/jquery_i18n/CLDRPluralRuleParser.js?v=599B42B0 HTTP/1.1" 304 -
127.0.0.1 - - [05/Aug/2019 16:04:31] "GET /_static/jquery_i18n/jquery.i18n.js?v=88A1430F HTTP/1.1" 304 -
127.0.0.1 - - [05/Aug/2019 16:04:31] "GET /_static/jquery_i18n/jquery.i18n.messagestore.js?v=AE15A4A1 HTTP/1.1" 304 -
127.0.0.1 - - [05/Aug/2019 16:04:31] "GET /_static/jquery_i18n/jquery.i18n.fallbacks.js?v=8ABDFE7F HTTP/1.1" 304 -
127.0.0.1 - - [05/Aug/2019 16:04:31] "GET /_static/jquery_i18n/jquery.i18n.language.js?v=747279FF HTTP/1.1" 304 -
127.0.0.1 - - [05/Aug/2019 16:04:31] "GET /_static/jquery_i18n/jquery.i18n.parser.js?v=7B020E13 HTTP/1.1" 304 -
127.0.0.1 - - [05/Aug/2019 16:04:31] "GET /_static/jquery_i18n/jquery.i18n.emitter.js?v=660E85C3 HTTP/1.1" 304 -
127.0.0.1 - - [05/Aug/2019 16:04:31] "GET /_static/jquery_i18n/jquery.i18n.emitter.bidi.js?v=54B21948 HTTP/1.1" 304 -
127.0.0.1 - - [05/Aug/2019 16:04:31] "GET /_static/activecode-i18n.en.js?v=3FBAE230 HTTP/1.1" 304 -
127.0.0.1 - - [05/Aug/2019 16:04:31] "GET /_static/skulpt.min.js?v=CB855D57 HTTP/1.1" 304 -
127.0.0.1 - - [05/Aug/2019 16:04:31] "GET /_static/skulpt-stdlib.js?v=3C6652E0 HTTP/1.1" 304 -
127.0.0.1 - - [05/Aug/2019 16:04:31] "GET /_static/activecode.js?v=A048601A HTTP/1.1" 304 -
127.0.0.1 - - [05/Aug/2019 16:04:31] "GET /_static/clike.js?v=2DCE0756 HTTP/1.1" 304 -
127.0.0.1 - - [05/Aug/2019 16:04:31] "GET /_static/timed_activecode.js?v=5150FA78 HTTP/1.1" 304 -
127.0.0.1 - - [05/Aug/2019 16:04:31] "GET /_static/animationbase.js?v=A043C3A7 HTTP/1.1" 304 -
127.0.0.1 - - [05/Aug/2019 16:04:31] "GET /_static/mchoice.js?v=8329CA55 HTTP/1.1" 304 -
127.0.0.1 - - [05/Aug/2019 16:04:31] "GET /_static/timedmc.js?v=B010A457 HTTP/1.1" 304 -
127.0.0.1 - - [05/Aug/2019 16:04:31] "GET /_static/timed.js?v=6789FE30 HTTP/1.1" 304 -
127.0.0.1 - - [05/Aug/2019 16:04:31] "GET /_static/clickable.js?v=9560E65E HTTP/1.1" 304 -
127.0.0.1 - - [05/Aug/2019 16:04:31] "GET /_static/timedclickable.js?v=93989C23 HTTP/1.1" 304 -
127.0.0.1 - - [05/Aug/2019 16:04:31] "GET /_static/d3.v2.min.js?v=836E01C HTTP/1.1" 304 -
127.0.0.1 - - [05/Aug/2019 16:04:31] "GET /_static/jquery.ba-bbq.min.js?v=B64CF0A8 HTTP/1.1" 304 -
127.0.0.1 - - [05/Aug/2019 16:04:31] "GET /_static/jquery.jsPlumb-1.3.10-all-min.js?v=42F9EBEA HTTP/1.1" 304 -
127.0.0.1 - - [05/Aug/2019 16:04:31] "GET /_static/pytutor.js?v=82B022B9 HTTP/1.1" 304 -
127.0.0.1 - - [05/Aug/2019 16:04:31] "GET /_static/codelens.js?v=CABECD49 HTTP/1.1" 304 -
127.0.0.1 - - [05/Aug/2019 16:04:31] "GET /_static/datafile.js?v=3ED1A80C HTTP/1.1" 304 -
127.0.0.1 - - [05/Aug/2019 16:04:31] "GET /_static/dragndrop.js?v=2B6403E8 HTTP/1.1" 304 -
127.0.0.1 - - [05/Aug/2019 16:04:31] "GET /_static/timeddnd.js?v=378F237E HTTP/1.1" 304 -
127.0.0.1 - - [05/Aug/2019 16:04:31] "GET /_static/fitb.js?v=8E40E713 HTTP/1.1" 304 -
127.0.0.1 - - [05/Aug/2019 16:04:31] "GET /_static/timedfitb.js?v=2AA17071 HTTP/1.1" 304 -
127.0.0.1 - - [05/Aug/2019 16:04:31] "GET /_static/matrixeq.js?v=D64CFA5A HTTP/1.1" 304 -
127.0.0.1 - - [05/Aug/2019 16:04:31] "GET /_static/js_lib/prettify.js?v=CA7E8928 HTTP/1.1" 304 -
127.0.0.1 - - [05/Aug/2019 16:04:31] "GET /_static/js_lib/hammer.min.js?v=73056367 HTTP/1.1" 304 -
127.0.0.1 - - [05/Aug/2019 16:04:31] "GET /_static/parsons.js?v=8D873C0A HTTP/1.1" 304 -
127.0.0.1 - - [05/Aug/2019 16:04:31] "GET /_static/timedparsons.js?v=2EEA9E5A HTTP/1.1" 304 -
127.0.0.1 - - [05/Aug/2019 16:04:31] "GET /_static/poll.js?v=6C59AE9F HTTP/1.1" 304 -
127.0.0.1 - - [05/Aug/2019 16:04:31] "GET /_static/reveal.js?v=7C095993 HTTP/1.1" 304 -
127.0.0.1 - - [05/Aug/2019 16:04:31] "GET /_static/shortanswer.js?v=5EB6170D HTTP/1.1" 304 -
127.0.0.1 - - [05/Aug/2019 16:04:31] "GET /_static/timed_shortanswer.js?v=B3A117D7 HTTP/1.1" 304 -
127.0.0.1 - - [05/Aug/2019 16:04:31] "GET /_static/showEval.js?v=C5CE0C81 HTTP/1.1" 304 -
127.0.0.1 - - [05/Aug/2019 16:04:31] "GET /_static/tabbedstuff.js?v=5BE6106 HTTP/1.1" 304 -
127.0.0.1 - - [05/Aug/2019 16:04:31] "GET /_static/webglinteractive.js?v=2B768384 HTTP/1.1" 304 -
127.0.0.1 - - [05/Aug/2019 16:04:31] "GET /_static/FileSaver.min.js?v=8408C997 HTTP/1.1" 304 -
127.0.0.1 - - [05/Aug/2019 16:04:31] "GET /_static/Blob.js?v=AEC2447 HTTP/1.1" 304 -
127.0.0.1 - - [05/Aug/2019 16:04:31] "GET /_static/jquery-ui-1.10.3.custom.min.js HTTP/1.1" 304 -
127.0.0.1 - - [05/Aug/2019 16:04:31] "GET /_static/jquery-fix.js HTTP/1.1" 304 -
127.0.0.1 - - [05/Aug/2019 16:04:31] "GET /_static/bootstrap-3.0.0/js/bootstrap.min.js HTTP/1.1" 304 -
127.0.0.1 - - [05/Aug/2019 16:04:31] "GET /_static/bootstrap-sphinx.js HTTP/1.1" 304 -
127.0.0.1 - - [05/Aug/2019 16:04:31] "GET /_static/waypoints.min.js HTTP/1.1" 304 -
127.0.0.1 - - [05/Aug/2019 16:04:31] "GET /_static/user-highlights.js HTTP/1.1" 304 -
127.0.0.1 - - [05/Aug/2019 16:04:31] "GET /_static/jquery.idle-timer.js HTTP/1.1" 304 -
127.0.0.1 - - [05/Aug/2019 16:04:31] "GET /_static/processing-1.4.1.min.js HTTP/1.1" 304 -
127.0.0.1 - - [05/Aug/2019 16:04:31] "GET /_static/jquery.hotkey.js HTTP/1.1" 304 -
127.0.0.1 - - [05/Aug/2019 16:04:31] "GET /_static/jquery-migrate-1.2.1.min.js HTTP/1.1" 304 -
127.0.0.1 - - [05/Aug/2019 16:04:31] "GET /_static/runestonevideo.js?v=53E888DE HTTP/1.1" 304 -
127.0.0.1 - - [05/Aug/2019 16:04:31] "GET /_static/presenter_mode.js HTTP/1.1" 304 -
127.0.0.1 - - [05/Aug/2019 16:04:31] "GET /_static/img/logo_small.png HTTP/1.1" 304 -
127.0.0.1 - - [05/Aug/2019 16:04:31] code 404, message File not found
127.0.0.1 - - [05/Aug/2019 16:04:31] "GET /runestone/ajax/getuser?timezoneoffset=5 HTTP/1.1" 404 -
127.0.0.1 - - [05/Aug/2019 16:04:31] code 404, message File not found
127.0.0.1 - - [05/Aug/2019 16:04:31] "GET /runestone/ajax/getnumonline HTTP/1.1" 404 -
127.0.0.1 - - [05/Aug/2019 16:04:32] "GET /toc.html HTTP/1.1" 200 -
127.0.0.1 - - [05/Aug/2019 16:04:44] "GET /toc.html HTTP/1.1" 304 -
127.0.0.1 - - [05/Aug/2019 16:04:45] "GET /_static/basic.css HTTP/1.1" 304 -
127.0.0.1 - - [05/Aug/2019 16:04:45] "GET /_static/pygments.css HTTP/1.1" 304 -
127.0.0.1 - - [05/Aug/2019 16:04:45] "GET /_static/bootstrap-sphinx.css HTTP/1.1" 304 -
127.0.0.1 - - [05/Aug/2019 16:04:45] "GET /_static/documentation_options.js HTTP/1.1" 304 -
127.0.0.1 - - [05/Aug/2019 16:04:45] "GET /_static/language_data.js HTTP/1.1" 304 -
127.0.0.1 - - [05/Aug/2019 16:04:45] "GET /ExpressionsStatements/toctree.html HTTP/1.1" 200 -
127.0.0.1 - - [05/Aug/2019 16:04:45] code 404, message File not found
127.0.0.1 - - [05/Aug/2019 16:04:45] "GET /runestone/ajax/getuser?timezoneoffset=5 HTTP/1.1" 404 -
127.0.0.1 - - [05/Aug/2019 16:04:45] code 404, message File not found
127.0.0.1 - - [05/Aug/2019 16:04:45] "GET /runestone/ajax/getnumonline HTTP/1.1" 404 -
127.0.0.1 - - [05/Aug/2019 16:04:52] "GET /ExpressionsStatements/WE-1-E1-Declaration%20and%20Initialization.html HTTP/1.1" 200 -
----------------------------------------
Exception happened during processing of request from ('127.0.0.1', 60144)
Traceback (most recent call last):
  File "c:\users\light pc\appdata\local\programs\python\python37\lib\socketserver.py", line 313, in _handle_request_noblock
    self.process_request(request, client_address)
  File "c:\users\light pc\appdata\local\programs\python\python37\lib\socketserver.py", line 344, in process_request
    self.finish_request(request, client_address)
  File "c:\users\light pc\appdata\local\programs\python\python37\lib\socketserver.py", line 357, in finish_request
    self.RequestHandlerClass(request, client_address, self)
  File "c:\users\light pc\appdata\local\programs\python\python37\lib\http\server.py", line 646, in __init__
    super().__init__(*args, **kwargs)
  File "c:\users\light pc\appdata\local\programs\python\python37\lib\socketserver.py", line 717, in __init__
    self.handle()
  File "c:\users\light pc\appdata\local\programs\python\python37\lib\http\server.py", line 426, in handle
    self.handle_one_request()
  File "c:\users\light pc\appdata\local\programs\python\python37\lib\http\server.py", line 414, in handle_one_request
    method()
  File "c:\users\light pc\appdata\local\programs\python\python37\lib\http\server.py", line 653, in do_GET
    self.copyfile(f, self.wfile)
  File "c:\users\light pc\appdata\local\programs\python\python37\lib\http\server.py", line 844, in copyfile
    shutil.copyfileobj(source, outputfile)
  File "c:\users\light pc\appdata\local\programs\python\python37\lib\shutil.py", line 82, in copyfileobj
    fdst.write(buf)
  File "c:\users\light pc\appdata\local\programs\python\python37\lib\socketserver.py", line 796, in write
    self._sock.sendall(b)
ConnectionAbortedError: [WinError 10053] An established connection was aborted by the software in your host machine
----------------------------------------
127.0.0.1 - - [05/Aug/2019 16:04:52] code 404, message File not found
127.0.0.1 - - [05/Aug/2019 16:04:52] "GET /runestone/ajax/getuser?timezoneoffset=5 HTTP/1.1" 404 -
----------------------------------------
Exception happened during processing of request from ('127.0.0.1', 60146)
Traceback (most recent call last):
  File "c:\users\light pc\appdata\local\programs\python\python37\lib\http\server.py", line 696, in send_head
    f = open(path, 'rb')
FileNotFoundError: [Errno 2] No such file or directory: 'D:\\SubGoals\\build\\SubGoals\\runestone\\ajax\\getuser'

During handling of the above exception, another exception occurred:

Traceback (most recent call last):
  File "c:\users\light pc\appdata\local\programs\python\python37\lib\socketserver.py", line 313, in _handle_request_noblock
    self.process_request(request, client_address)
  File "c:\users\light pc\appdata\local\programs\python\python37\lib\socketserver.py", line 344, in process_request
    self.finish_request(request, client_address)
  File "c:\users\light pc\appdata\local\programs\python\python37\lib\socketserver.py", line 357, in finish_request
    self.RequestHandlerClass(request, client_address, self)
  File "c:\users\light pc\appdata\local\programs\python\python37\lib\http\server.py", line 646, in __init__
    super().__init__(*args, **kwargs)
  File "c:\users\light pc\appdata\local\programs\python\python37\lib\socketserver.py", line 717, in __init__
    self.handle()
  File "c:\users\light pc\appdata\local\programs\python\python37\lib\http\server.py", line 426, in handle
    self.handle_one_request()
  File "c:\users\light pc\appdata\local\programs\python\python37\lib\http\server.py", line 414, in handle_one_request
    method()
  File "c:\users\light pc\appdata\local\programs\python\python37\lib\http\server.py", line 650, in do_GET
    f = self.send_head()
  File "c:\users\light pc\appdata\local\programs\python\python37\lib\http\server.py", line 698, in send_head
    self.send_error(HTTPStatus.NOT_FOUND, "File not found")
  File "c:\users\light pc\appdata\local\programs\python\python37\lib\http\server.py", line 481, in send_error
    self.wfile.write(body)
  File "c:\users\light pc\appdata\local\programs\python\python37\lib\socketserver.py", line 796, in write
    self._sock.sendall(b)
ConnectionAbortedError: [WinError 10053] An established connection was aborted by the software in your host machine
----------------------------------------
127.0.0.1 - - [05/Aug/2019 16:04:52] code 404, message File not found
127.0.0.1 - - [05/Aug/2019 16:04:52] "GET /runestone/ajax/getnumonline HTTP/1.1" 404 -
----------------------------------------
Exception happened during processing of request from ('127.0.0.1', 60147)
Traceback (most recent call last):
  File "c:\users\light pc\appdata\local\programs\python\python37\lib\http\server.py", line 696, in send_head
    f = open(path, 'rb')
FileNotFoundError: [Errno 2] No such file or directory: 'D:\\SubGoals\\build\\SubGoals\\runestone\\ajax\\getnumonline'

During handling of the above exception, another exception occurred:

Traceback (most recent call last):
  File "c:\users\light pc\appdata\local\programs\python\python37\lib\socketserver.py", line 313, in _handle_request_noblock
    self.process_request(request, client_address)
  File "c:\users\light pc\appdata\local\programs\python\python37\lib\socketserver.py", line 344, in process_request
    self.finish_request(request, client_address)
  File "c:\users\light pc\appdata\local\programs\python\python37\lib\socketserver.py", line 357, in finish_request
    self.RequestHandlerClass(request, client_address, self)
  File "c:\users\light pc\appdata\local\programs\python\python37\lib\http\server.py", line 646, in __init__
    super().__init__(*args, **kwargs)
  File "c:\users\light pc\appdata\local\programs\python\python37\lib\socketserver.py", line 717, in __init__
    self.handle()
  File "c:\users\light pc\appdata\local\programs\python\python37\lib\http\server.py", line 426, in handle
    self.handle_one_request()
  File "c:\users\light pc\appdata\local\programs\python\python37\lib\http\server.py", line 414, in handle_one_request
    method()
  File "c:\users\light pc\appdata\local\programs\python\python37\lib\http\server.py", line 650, in do_GET
    f = self.send_head()
  File "c:\users\light pc\appdata\local\programs\python\python37\lib\http\server.py", line 698, in send_head
    self.send_error(HTTPStatus.NOT_FOUND, "File not found")
  File "c:\users\light pc\appdata\local\programs\python\python37\lib\http\server.py", line 481, in send_error
    self.wfile.write(body)
  File "c:\users\light pc\appdata\local\programs\python\python37\lib\socketserver.py", line 796, in write
    self._sock.sendall(b)
ConnectionAbortedError: [WinError 10053] An established connection was aborted by the software in your host machine
----------------------------------------
127.0.0.1 - - [05/Aug/2019 16:04:52] "GET /ExpressionsStatements/WE-1A-E2-Basic%20Arithmetic.html HTTP/1.1" 200 -
127.0.0.1 - - [05/Aug/2019 16:04:52] "GET /_static/basic.css HTTP/1.1" 304 -
127.0.0.1 - - [05/Aug/2019 16:04:52] "GET /_static/pygments.css HTTP/1.1" 304 -
127.0.0.1 - - [05/Aug/2019 16:04:52] "GET /_static/bootstrap-sphinx.css HTTP/1.1" 304 -
127.0.0.1 - - [05/Aug/2019 16:04:52] "GET /_static/documentation_options.js HTTP/1.1" 304 -
127.0.0.1 - - [05/Aug/2019 16:04:52] "GET /_static/language_data.js HTTP/1.1" 304 -
127.0.0.1 - - [05/Aug/2019 16:04:52] "GET /_images/Apples.png HTTP/1.1" 200 -
127.0.0.1 - - [05/Aug/2019 16:04:52] "GET /_images/Division.png HTTP/1.1" 200 -
127.0.0.1 - - [05/Aug/2019 16:04:52] "GET /_images/DivisionByGroups.png HTTP/1.1" 200 -
127.0.0.1 - - [05/Aug/2019 16:04:52] code 404, message File not found
127.0.0.1 - - [05/Aug/2019 16:04:52] "GET /runestone/ajax/getuser?timezoneoffset=5 HTTP/1.1" 404 -
127.0.0.1 - - [05/Aug/2019 16:04:52] code 404, message File not found
127.0.0.1 - - [05/Aug/2019 16:04:52] "GET /runestone/ajax/getnumonline HTTP/1.1" 404 -
127.0.0.1 - - [05/Aug/2019 16:04:52] "GET /ExpressionsStatements/PP1A-A-E2-PP1.html HTTP/1.1" 200 -
127.0.0.1 - - [05/Aug/2019 16:04:54] "GET /ExpressionsStatements/WE-1-E1-Declaration%20and%20Initialization.html HTTP/1.1" 200 -
127.0.0.1 - - [05/Aug/2019 16:05:02] "GET /index.html HTTP/1.1" 200 -
127.0.0.1 - - [05/Aug/2019 16:05:02] "GET /_static/basic.css HTTP/1.1" 304 -
127.0.0.1 - - [05/Aug/2019 16:05:02] "GET /_static/pygments.css HTTP/1.1" 304 -
127.0.0.1 - - [05/Aug/2019 16:05:02] "GET /_static/bootstrap-sphinx.css HTTP/1.1" 304 -
127.0.0.1 - - [05/Aug/2019 16:05:02] "GET /_static/documentation_options.js HTTP/1.1" 304 -
127.0.0.1 - - [05/Aug/2019 16:05:02] "GET /_static/language_data.js HTTP/1.1" 304 -
127.0.0.1 - - [05/Aug/2019 16:05:02] "GET /toc.html HTTP/1.1" 304 -
127.0.0.1 - - [05/Aug/2019 16:05:02] code 404, message File not found
127.0.0.1 - - [05/Aug/2019 16:05:02] "GET /runestone/ajax/getuser?timezoneoffset=5 HTTP/1.1" 404 -
127.0.0.1 - - [05/Aug/2019 16:05:02] code 404, message File not found
127.0.0.1 - - [05/Aug/2019 16:05:02] "GET /runestone/ajax/getnumonline HTTP/1.1" 404 -

Aborted!
